<?xml version="1.0" encoding="UTF-8"?>
<!-- Generated by org.testng.reporters.JUnitXMLReporter -->
<testsuite ignored="2" hostname="DESKTOP-7GBIBLN" failures="0" tests="0" time="0.016" errors="0" timestamp="2024-01-18T21:54:56 IST">
  <testcase classname="rahulshettyAcademy.SeleniumFrameworkDesign.SubmitOrderTest" name="orderHistory" time="0.0">
    <ignored/>
  </testcase> <!-- orderHistory -->
  <testcase classname="rahulshettyAcademy.SeleniumFrameworkDesign.SubmitOrderTest" name="submitorder" time="0.0">
    <ignored/>
  </testcase> <!-- submitorder -->
</testsuite>
