<?xml version="1.0" encoding="UTF-8"?>
<!-- Generated by org.testng.reporters.JUnitXMLReporter -->
<testsuite ignored="0" hostname="DESKTOP-7GBIBLN" failures="0" tests="2" name="ErrorValidations" time="42.051" errors="0" timestamp="2024-01-24T22:51:21 IST">
  <testcase classname="rahulshettyAcademy.SeleniumFrameworkDesign.ErrorValidationsTest" name="loginErrorValidation" time="0.508"/>
  <testcase classname="rahulshettyAcademy.SeleniumFrameworkDesign.ErrorValidationsTest" name="submitorder" time="23.61"/>
</testsuite> <!-- ErrorValidations -->
