<?xml version="1.0" encoding="UTF-8"?>
<!-- Generated by org.testng.reporters.JUnitXMLReporter -->
<testsuite ignored="0" hostname="DESKTOP-7GBIBLN" failures="0" tests="3" name="SubmitOrder" time="49.143" errors="0" timestamp="2024-01-24T22:51:28 IST">
  <testcase classname="rahulshettyAcademy.SeleniumFrameworkDesign.SubmitOrderTest" name="submitorder" time="14.933"/>
  <testcase classname="rahulshettyAcademy.SeleniumFrameworkDesign.SubmitOrderTest" name="submitorder" time="14.593"/>
  <testcase classname="rahulshettyAcademy.SeleniumFrameworkDesign.SubmitOrderTest" name="orderHistory" time="0.817"/>
</testsuite> <!-- SubmitOrder -->
